00:23:08.965 INFO [ActiveSessionFactory.apply] - Capabilities are: {
  "browserName": "chrome",
  "goog:chromeOptions": {
    "args": [
      "window-size=1960,1080",
      "--headless"
    ]
  }
}
00:23:08.966 INFO [ActiveSessionFactory.lambda$apply$11] - Matched factory org.openqa.selenium.grid.session.remote.ServicedSession$Factory (provider: org.openqa.selenium.chrome.ChromeDriverService)
Starting ChromeDriver 2.43.600210 (68dcf5eebde37173d4027fa8635e332711d2874a) on port 20083
Only local connections are allowed.
00:23:11.050 INFO [ProtocolHandshake.createSession] - Detected dialect: OSS
00:23:11.197 INFO [RemoteSession$Factory.lambda$performHandshake$0] - Started new session 188c9620213d34222ef1601923a93079 (org.openqa.selenium.chrome.ChromeDriverService)
00:23:11.300 INFO [ActiveSessions$1.onStop] - Removing session 188c9620213d34222ef1601923a93079 (org.openqa.selenium.chrome.ChromeDriverService)
00:23:11.825 INFO [ActiveSessionFactory.apply] - Capabilities are: {
  "browserName": "chrome",
  "goog:chromeOptions": {
    "args": [
      "window-size=1960,1080",
      "--headless"
    ]
  }
}
00:23:11.825 INFO [ActiveSessionFactory.lambda$apply$11] - Matched factory org.openqa.selenium.grid.session.remote.ServicedSession$Factory (provider: org.openqa.selenium.chrome.ChromeDriverService)
Starting ChromeDriver 2.43.600210 (68dcf5eebde37173d4027fa8635e332711d2874a) on port 1320
Only local connections are allowed.
00:23:13.789 INFO [ProtocolHandshake.createSession] - Detected dialect: OSS
00:23:13.808 INFO [RemoteSession$Factory.lambda$performHandshake$0] - Started new session f7b5ae375555ec61af5a5ed636880844 (org.openqa.selenium.chrome.ChromeDriverService)
00:23:21.372 INFO [ActiveSessions$1.onStop] - Removing session f7b5ae375555ec61af5a5ed636880844 (org.openqa.selenium.chrome.ChromeDriverService)
00:23:21.903 INFO [ActiveSessionFactory.apply] - Capabilities are: {
  "browserName": "chrome",
  "goog:chromeOptions": {
    "args": [
      "window-size=1960,1080",
      "--headless"
    ]
  }
}
00:23:21.904 INFO [ActiveSessionFactory.lambda$apply$11] - Matched factory org.openqa.selenium.grid.session.remote.ServicedSession$Factory (provider: org.openqa.selenium.chrome.ChromeDriverService)
Starting ChromeDriver 2.43.600210 (68dcf5eebde37173d4027fa8635e332711d2874a) on port 45780
Only local connections are allowed.
00:23:23.866 INFO [ProtocolHandshake.createSession] - Detected dialect: OSS
00:23:23.886 INFO [RemoteSession$Factory.lambda$performHandshake$0] - Started new session b038cd0e57d1d0e3fe8a630b9dfedfab (org.openqa.selenium.chrome.ChromeDriverService)
00:23:31.096 INFO [ActiveSessions$1.onStop] - Removing session b038cd0e57d1d0e3fe8a630b9dfedfab (org.openqa.selenium.chrome.ChromeDriverService)
